Step: build-step-credential-initializer-9b7ht:

{"level":"warn","ts":1555010334.7558696,"logger":"fallback-logger","caller":"logging/config.go:65","msg":"Fetch GitHub commit ID from kodata failed: \"ref: refs/heads/backport-container-name-fix\" is not a valid GitHub commit ID"}
{"level":"info","ts":1555010334.7571025,"logger":"fallback-logger","caller":"creds-init/main.go:40","msg":"Credentials initialized."}
Step: build-step-git-source-*********-environment-*********-49l72:

{"level":"warn","ts":1555010335.7681994,"logger":"fallback-logger","caller":"logging/config.go:65","msg":"Fetch GitHub commit ID from kodata failed: \"ref: refs/heads/backport-container-name-fix\" is not a valid GitHub commit ID"}
{"level":"info","ts":1555010336.8293095,"logger":"fallback-logger","caller":"git-init/main.go:99","msg":"Successfully cloned \"https://github.com/*********/environment-*********-t1-staging\" @ \"v0.0.6\" in path \"/workspace/source\""}
Step: build-step-place-tools:

Step: build-step-setup-**-git-credentials:

Generated Git credentials file /workspace/xdg_config/git/credentials
Step: build-step-build-helm-apply:

Modified file /workspace/source/env/Chart.yaml to set the chart to version 8
No $CHART_REPOSITORY defined so using the default value of: http://jenkins-x-chartmuseum:8080
Adding missing Helm repo: jenkins-x http://chartmuseum.jenkins-x.io
Successfully added Helm repository jenkins-x.
Adding missing Helm repo: releases http://jenkins-x-chartmuseum:8080
Successfully added Helm repository releases.
Applying helm chart at . as release name ** to namespace **-staging
Ignoring templates/.gitignore
Wrote chart values.yaml values.yaml generated from directory tree
generated helm values.yaml

PipelineSecrets: {}
cleanup:
  Annotations:
    helm.sh/hook: pre-delete
    helm.sh/hook-delete-policy: hook-succeeded
  Args:
  - --cleanup
controllerbuild:
  enabled: true
dockerRegistry: gcr.io
expose:
  Annotations:
    helm.sh/hook: post-install,post-upgrade
    helm.sh/hook-delete-policy: hook-succeeded
  Args:
  - --v
  - 4
  config:
    domain: 34.76.61.100.nip.io
    exposer: Ingress
    http: "true"
jenkins:
  Servers:
    Global:
      EnvVars:
        TILLER_NAMESPACE: kube-system
  enabled: false
prow: {}


Using values files: values.yaml
Applying chart overrides
Applying generated chart . YAML via kubectl in dir: /tmp/helm-template-workdir-019718774/**/output
role.rbac.authorization.k8s.io/cleanup configured
rolebinding.rbac.authorization.k8s.io/cleanup configured
serviceaccount/cleanup configured
configmap/exposecontroller configured
role.rbac.authorization.k8s.io/expose configured
rolebinding.rbac.authorization.k8s.io/expose configured
serviceaccount/expose configured

Applying Helm hook post-upgrade YAML via kubectl in file: /tmp/helm-template-workdir-019718774/**/helmHooks/env/charts/expose/templates/job.yaml
job.batch/expose created

Waiting for helm post-upgrade hook Job expose to complete before removing it
Deleting helm hook sources from file: /tmp/helm-template-workdir-019718774/**/helmHooks/env/charts/expose/templates/job.yaml
job.batch "expose" deleted
Removing Kubernetes resources from older releases using selector: jenkins.io/chart-release=**,jenkins.io/version!=8 from all pvc configmap release sa role rolebinding secret
release.jenkins.io "elasticnode-0.0.1" deleted
release.jenkins.io "virtualknative-0.0.2" deleted
service.serving.knative.dev "**-elasticnode" deleted
service.serving.knative.dev "**-virtualknative" deleted
configuration.serving.knative.dev "**-virtualknative" deleted
Removing Kubernetes resources from older releases using selector: jenkins.io/chart-release=**,jenkins.io/version!=8,jenkins.io/namespace=**-staging from clusterrole clusterrolebinding
Step: build-step-source-mkdir-*********-environment-*********-pw2mg:

{"level":"warn","ts":1555010362.4270313,"logger":"fallback-logger","caller":"logging/config.go:65","msg":"Fetch GitHub commit ID from kodata failed: open /var/run/ko/HEAD: no such file or directory"}
{"level":"info","ts":1555010362.4536273,"logger":"fallback-logger","caller":"bash/main.go:65","msg":"Successfully executed command \"mkdir -p /pvc/from-build-pack/workspace\""}
Step: build-step-source-copy-*********-environment-*********-m5vkp:

{"level":"warn","ts":1555010363.4521308,"logger":"fallback-logger","caller":"logging/config.go:65","msg":"Fetch GitHub commit ID from kodata failed: open /var/run/ko/HEAD: no such file or directory"}
{"level":"info","ts":1555010363.464614,"logger":"fallback-logger","caller":"bash/main.go:65","msg":"Successfully executed command \"cp -r /workspace/source/. /pvc/from-build-pack/workspace\""}
